<?xml version="1.0" encoding="UTF-8"?>
<!-- Generated by org.testng.reporters.JUnitReportReporter -->
<testsuite skipped="0" hostname="WINDOWS-SQT9U8K" name="king.app" tests="1" failures="0" timestamp="2020-04-20T13:27:45 CDT" time="28.497" errors="0">
  <testcase name="closeBrowser" time="28.497" classname="king.app"/>
  <system-out/>
</testsuite> <!-- king.app -->
